Using pre-set license

 COMMAND LINE ARGUMENTS:
/Applications/Unity/Hub/Editor/2021.1.0b1/Unity.app/Contents/MacOS/Unity
-adb2
-batchMode
-noUpm
-name
AssetImportWorker0
-projectPath
/Users/rickydaricky/Desktop/Unity/Projects/Pony Prototype
-logFile
Logs/AssetImportWorker0.log
-srvPort
56557
Successfully changed project path to: /Users/rickydaricky/Desktop/Unity/Projects/Pony Prototype
/Users/rickydaricky/Desktop/Unity/Projects/Pony Prototype
Using Asset Import Pipeline V2.
Refreshing native plugins compatible for Editor in 33.34 ms, found 1 plugins.
Preloading 0 native plugins for Editor in 0.00 ms.
Initialize engine version: 2021.1.0b1 (9f7c487dd2da)
[Subsystems] Discovering subsystems at path /Applications/Unity/Hub/Editor/2021.1.0b1/Unity.app/Contents/Resources/UnitySubsystems
[Subsystems] Discovering subsystems at path /Users/rickydaricky/Desktop/Unity/Projects/Pony Prototype/Assets
GfxDevice: creating device client; threaded=0; jobified=0
2021-01-13 03:02:23.490 Unity[17766:586217] Color LCD preferred device: Intel(R) UHD Graphics 630 (low power)
2021-01-13 03:02:23.490 Unity[17766:586217] Metal devices available: 2
2021-01-13 03:02:23.490 Unity[17766:586217] 0: AMD Radeon Pro 5500M (high power)
2021-01-13 03:02:23.490 Unity[17766:586217] 1: Intel(R) UHD Graphics 630 (low power)
2021-01-13 03:02:23.490 Unity[17766:586217] Using device AMD Radeon Pro 5500M (high power)
Initializing Metal device caps: AMD Radeon Pro 5500M
Initialize mono
Mono path[0] = '/Applications/Unity/Hub/Editor/2021.1.0b1/Unity.app/Contents/Managed'
Mono path[1] = '/Applications/Unity/Hub/Editor/2021.1.0b1/Unity.app/Contents/MonoBleedingEdge/lib/mono/unityjit'
Mono config path = '/Applications/Unity/Hub/Editor/2021.1.0b1/Unity.app/Contents/MonoBleedingEdge/etc'
Using monoOptions --debugger-agent=transport=dt_socket,embedding=1,server=y,suspend=n,address=127.0.0.1:56766
Begin MonoManager ReloadAssembly
Registering precompiled unity dll's ...
Register platform support module: /Applications/Unity/Hub/Editor/2021.1.0b1/PlaybackEngines/WebGLSupport/UnityEditor.WebGL.Extensions.dll
Register platform support module: /Applications/Unity/Hub/Editor/2021.1.0b1/Unity.app/Contents/PlaybackEngines/MacStandaloneSupport/UnityEditor.OSXStandalone.Extensions.dll
Register platform support module: /Applications/Unity/Hub/Editor/2021.1.0b1/PlaybackEngines/WindowsStandaloneSupport/UnityEditor.WindowsStandalone.Extensions.dll
Registered in 0.000739 seconds.
Native extension for WindowsStandalone target not found
Native extension for OSXStandalone target not found
Native extension for WebGL target not found
Refreshing native plugins compatible for Editor in 27.90 ms, found 1 plugins.
Preloading 0 native plugins for Editor in 0.00 ms.
Mono: successfully reloaded assembly
- Completed reload, in  3.310 seconds
Platform modules already initialized, skipping
Registering precompiled user dll's ...
Registered in 0.000555 seconds.
Begin MonoManager ReloadAssembly
Native extension for WindowsStandalone target not found
Native extension for OSXStandalone target not found
Native extension for WebGL target not found
Refreshing native plugins compatible for Editor in 0.28 ms, found 1 plugins.
Preloading 0 native plugins for Editor in 0.00 ms.
Mono: successfully reloaded assembly
- Completed reload, in  0.987 seconds
Platform modules already initialized, skipping
========================================================================
Worker process is ready to serve import requests
Launching external process: /Applications/Unity/Hub/Editor/2021.1.0b1/Unity.app/Contents/Tools/UnityShaderCompiler
Launched and connected shader compiler UnityShaderCompiler after 0.02 seconds
Refreshing native plugins compatible for Editor in 0.29 ms, found 1 plugins.
Preloading 0 native plugins for Editor in 0.00 ms.
Unloading 1253 Unused Serialized files (Serialized files now loaded: 0)
System memory in use before: 276.4 MB.
System memory in use after: 276.1 MB.

Unloading 11 unused Assets to reduce memory usage. Loaded Objects now: 1728.
Total: 2.689112 ms (FindLiveObjects: 0.140761 ms CreateObjectMapping: 0.046769 ms MarkObjects: 2.064729 ms  DeleteObjects: 0.435719 ms)

========================================================================
Received Import Request.
  path: Assets/Scene1.unity
  artifactKey: Guid(33e220fcf8d0d401f8f56e1edee968f9) Importer(815301076,1909f56bfc062723c751e8b465ee728b)
Start importing Assets/Scene1.unity using Guid(33e220fcf8d0d401f8f56e1edee968f9) Importer(815301076,1909f56bfc062723c751e8b465ee728b)  -> (artifact id: 'f5b5012da449fb8e949f2b67c8b9150a') in 0.012835 seconds 
========================================================================
Received Import Request.
  Time since last request: 13.704858 seconds.
  path: Assets/Scenes/SampleScene.unity
  artifactKey: Guid(9fc0d4010bbf28b4594072e72b8655ab) Importer(815301076,1909f56bfc062723c751e8b465ee728b)
Start importing Assets/Scenes/SampleScene.unity using Guid(9fc0d4010bbf28b4594072e72b8655ab) Importer(815301076,1909f56bfc062723c751e8b465ee728b)  -> (artifact id: '9c1dc957d338a39b143d98e9fc9a73db') in 0.001352 seconds 
========================================================================
Received Prepare
Registering precompiled user dll's ...
Registered in 0.001691 seconds.
Begin MonoManager ReloadAssembly
Native extension for WindowsStandalone target not found
Native extension for OSXStandalone target not found
Native extension for WebGL target not found
Refreshing native plugins compatible for Editor in 0.30 ms, found 1 plugins.
Preloading 0 native plugins for Editor in 0.00 ms.
Mono: successfully reloaded assembly
- Completed reload, in  1.033 seconds
Platform modules already initialized, skipping
Refreshing native plugins compatible for Editor in 0.27 ms, found 1 plugins.
Preloading 0 native plugins for Editor in 0.00 ms.
Unloading 1228 Unused Serialized files (Serialized files now loaded: 0)
System memory in use before: 275.9 MB.
System memory in use after: 275.6 MB.

Unloading 6 unused Assets to reduce memory usage. Loaded Objects now: 1730.
Total: 1.722983 ms (FindLiveObjects: 0.120771 ms CreateObjectMapping: 0.035509 ms MarkObjects: 1.325644 ms  DeleteObjects: 0.240360 ms)

========================================================================
Received Prepare
Registering precompiled user dll's ...
Registered in 0.001063 seconds.
Begin MonoManager ReloadAssembly
Native extension for WindowsStandalone target not found
Native extension for OSXStandalone target not found
Native extension for WebGL target not found
Refreshing native plugins compatible for Editor in 0.29 ms, found 1 plugins.
Preloading 0 native plugins for Editor in 0.00 ms.
Mono: successfully reloaded assembly
- Completed reload, in  1.022 seconds
Platform modules already initialized, skipping
Refreshing native plugins compatible for Editor in 0.27 ms, found 1 plugins.
Preloading 0 native plugins for Editor in 0.00 ms.
Unloading 1228 Unused Serialized files (Serialized files now loaded: 0)
System memory in use before: 276.3 MB.
System memory in use after: 276.0 MB.

Unloading 6 unused Assets to reduce memory usage. Loaded Objects now: 1732.
Total: 2.148820 ms (FindLiveObjects: 0.158445 ms CreateObjectMapping: 0.045269 ms MarkObjects: 1.692659 ms  DeleteObjects: 0.251021 ms)

========================================================================
Received Prepare
Registering precompiled user dll's ...
Registered in 0.000557 seconds.
Begin MonoManager ReloadAssembly
Native extension for WindowsStandalone target not found
Native extension for OSXStandalone target not found
Native extension for WebGL target not found
Refreshing native plugins compatible for Editor in 0.27 ms, found 1 plugins.
Preloading 0 native plugins for Editor in 0.00 ms.
Mono: successfully reloaded assembly
- Completed reload, in  1.085 seconds
Platform modules already initialized, skipping
Refreshing native plugins compatible for Editor in 0.27 ms, found 1 plugins.
Preloading 0 native plugins for Editor in 0.00 ms.
Unloading 1228 Unused Serialized files (Serialized files now loaded: 0)
System memory in use before: 276.6 MB.
System memory in use after: 276.3 MB.

Unloading 6 unused Assets to reduce memory usage. Loaded Objects now: 1734.
Total: 1.913147 ms (FindLiveObjects: 0.176395 ms CreateObjectMapping: 0.041549 ms MarkObjects: 1.441315 ms  DeleteObjects: 0.253033 ms)

========================================================================
Received Prepare
Registering precompiled user dll's ...
Registered in 0.000483 seconds.
Begin MonoManager ReloadAssembly
Native extension for WindowsStandalone target not found
Native extension for OSXStandalone target not found
Native extension for WebGL target not found
Refreshing native plugins compatible for Editor in 0.33 ms, found 1 plugins.
Preloading 0 native plugins for Editor in 0.00 ms.
Mono: successfully reloaded assembly
- Completed reload, in  1.171 seconds
Platform modules already initialized, skipping
Refreshing native plugins compatible for Editor in 0.26 ms, found 1 plugins.
Preloading 0 native plugins for Editor in 0.00 ms.
Unloading 1228 Unused Serialized files (Serialized files now loaded: 0)
System memory in use before: 276.9 MB.
System memory in use after: 276.6 MB.

Unloading 6 unused Assets to reduce memory usage. Loaded Objects now: 1736.
Total: 1.827523 ms (FindLiveObjects: 0.156577 ms CreateObjectMapping: 0.036050 ms MarkObjects: 1.381577 ms  DeleteObjects: 0.252291 ms)

========================================================================
Received Prepare
Registering precompiled user dll's ...
Registered in 0.000655 seconds.
Begin MonoManager ReloadAssembly
Native extension for WindowsStandalone target not found
Native extension for OSXStandalone target not found
Native extension for WebGL target not found
Refreshing native plugins compatible for Editor in 0.36 ms, found 1 plugins.
Preloading 0 native plugins for Editor in 0.00 ms.
Mono: successfully reloaded assembly
- Completed reload, in  1.215 seconds
Platform modules already initialized, skipping
Refreshing native plugins compatible for Editor in 0.28 ms, found 1 plugins.
Preloading 0 native plugins for Editor in 0.00 ms.
Unloading 1228 Unused Serialized files (Serialized files now loaded: 0)
System memory in use before: 277.3 MB.
System memory in use after: 276.9 MB.

Unloading 6 unused Assets to reduce memory usage. Loaded Objects now: 1738.
Total: 1.686775 ms (FindLiveObjects: 0.121571 ms CreateObjectMapping: 0.051867 ms MarkObjects: 1.269679 ms  DeleteObjects: 0.242974 ms)

========================================================================
Received Prepare
Registering precompiled user dll's ...
Registered in 0.000447 seconds.
Begin MonoManager ReloadAssembly
Native extension for WindowsStandalone target not found
Native extension for OSXStandalone target not found
Native extension for WebGL target not found
Refreshing native plugins compatible for Editor in 0.27 ms, found 1 plugins.
Preloading 0 native plugins for Editor in 0.00 ms.
Mono: successfully reloaded assembly
- Completed reload, in  1.012 seconds
Platform modules already initialized, skipping
Refreshing native plugins compatible for Editor in 0.27 ms, found 1 plugins.
Preloading 0 native plugins for Editor in 0.00 ms.
Unloading 1228 Unused Serialized files (Serialized files now loaded: 0)
System memory in use before: 277.5 MB.
System memory in use after: 277.2 MB.

Unloading 6 unused Assets to reduce memory usage. Loaded Objects now: 1740.
Total: 1.844263 ms (FindLiveObjects: 0.130232 ms CreateObjectMapping: 0.038128 ms MarkObjects: 1.371664 ms  DeleteObjects: 0.303282 ms)

========================================================================
Received Import Request.
  Time since last request: 880.244758 seconds.
  path: Assets/New Animation.anim
  artifactKey: Guid(4ea93635b64e54ab595ad9a0619b7e52) Importer(815301076,1909f56bfc062723c751e8b465ee728b)
Start importing Assets/New Animation.anim using Guid(4ea93635b64e54ab595ad9a0619b7e52) Importer(815301076,1909f56bfc062723c751e8b465ee728b)  -> (artifact id: '16ebca99f3dde564dadbade2ab51180e') in 1.034315 seconds 
========================================================================
Received Import Request.
  Time since last request: 9.148783 seconds.
  path: Assets/Pony Text Animation.anim
  artifactKey: Guid(4ea93635b64e54ab595ad9a0619b7e52) Importer(815301076,1909f56bfc062723c751e8b465ee728b)
Start importing Assets/Pony Text Animation.anim using Guid(4ea93635b64e54ab595ad9a0619b7e52) Importer(815301076,1909f56bfc062723c751e8b465ee728b)  -> (artifact id: '159b0edb53cdef56375c151b24e1f822') in 0.005280 seconds 
========================================================================
Received Import Request.
  Time since last request: 8.062797 seconds.
  path: Assets/Animations/Pony Text Animation - Copy.anim
  artifactKey: Guid(4ea93635b64e54ab595ad9a0619b7e52) Importer(815301076,1909f56bfc062723c751e8b465ee728b)
Start importing Assets/Animations/Pony Text Animation - Copy.anim using Guid(4ea93635b64e54ab595ad9a0619b7e52) Importer(815301076,1909f56bfc062723c751e8b465ee728b)  -> (artifact id: '35d1cdf5791cd8f1adf2b20ceb4d2ed4') in 0.008204 seconds 
========================================================================
Received Import Request.
  Time since last request: 3.203801 seconds.
  path: Assets/Animations/TryAgainButton.controller
  artifactKey: Guid(6ba46900720494e5e8991b15fc569f8a) Importer(815301076,1909f56bfc062723c751e8b465ee728b)
Start importing Assets/Animations/TryAgainButton.controller using Guid(6ba46900720494e5e8991b15fc569f8a) Importer(815301076,1909f56bfc062723c751e8b465ee728b)  -> (artifact id: 'aac6716914ac49f0f9d00af30530a254') in 0.376738 seconds 
========================================================================
Received Import Request.
  Time since last request: 0.584703 seconds.
  path: Assets/Animations/Pony Text Animation.anim
  artifactKey: Guid(c7606c01b51124115b934b8396f7a561) Importer(815301076,1909f56bfc062723c751e8b465ee728b)
Start importing Assets/Animations/Pony Text Animation.anim using Guid(c7606c01b51124115b934b8396f7a561) Importer(815301076,1909f56bfc062723c751e8b465ee728b)  -> (artifact id: '386cced8255068fe7a1a1d27bf6d185b') in 0.001796 seconds 
========================================================================
Received Prepare
Registering precompiled user dll's ...
Registered in 0.000473 seconds.
Begin MonoManager ReloadAssembly
Native extension for WindowsStandalone target not found
Native extension for OSXStandalone target not found
Native extension for WebGL target not found
Refreshing native plugins compatible for Editor in 0.27 ms, found 1 plugins.
Preloading 0 native plugins for Editor in 0.00 ms.
Mono: successfully reloaded assembly
- Completed reload, in  0.927 seconds
Platform modules already initialized, skipping
Refreshing native plugins compatible for Editor in 0.27 ms, found 1 plugins.
Preloading 0 native plugins for Editor in 0.00 ms.
Unloading 1228 Unused Serialized files (Serialized files now loaded: 0)
System memory in use before: 286.4 MB.
System memory in use after: 286.0 MB.

Unloading 6 unused Assets to reduce memory usage. Loaded Objects now: 1742.
Total: 1.739815 ms (FindLiveObjects: 0.133428 ms CreateObjectMapping: 0.036078 ms MarkObjects: 1.327093 ms  DeleteObjects: 0.242608 ms)

========================================================================
Received Prepare
Registering precompiled user dll's ...
Registered in 0.000499 seconds.
Begin MonoManager ReloadAssembly
Native extension for WindowsStandalone target not found
Native extension for OSXStandalone target not found
Native extension for WebGL target not found
Refreshing native plugins compatible for Editor in 0.28 ms, found 1 plugins.
Preloading 0 native plugins for Editor in 0.00 ms.
Mono: successfully reloaded assembly
- Completed reload, in  0.999 seconds
Platform modules already initialized, skipping
Refreshing native plugins compatible for Editor in 0.38 ms, found 1 plugins.
Preloading 0 native plugins for Editor in 0.00 ms.
Unloading 1228 Unused Serialized files (Serialized files now loaded: 0)
System memory in use before: 286.7 MB.
System memory in use after: 286.3 MB.

Unloading 6 unused Assets to reduce memory usage. Loaded Objects now: 1744.
Total: 1.720583 ms (FindLiveObjects: 0.125370 ms CreateObjectMapping: 0.036463 ms MarkObjects: 1.316540 ms  DeleteObjects: 0.241185 ms)

========================================================================
Received Prepare
Registering precompiled user dll's ...
Registered in 0.000346 seconds.
Begin MonoManager ReloadAssembly
Native extension for WindowsStandalone target not found
Native extension for OSXStandalone target not found
Native extension for WebGL target not found
Refreshing native plugins compatible for Editor in 0.26 ms, found 1 plugins.
Preloading 0 native plugins for Editor in 0.00 ms.
Mono: successfully reloaded assembly
- Completed reload, in  0.937 seconds
Platform modules already initialized, skipping
Refreshing native plugins compatible for Editor in 0.28 ms, found 1 plugins.
Preloading 0 native plugins for Editor in 0.00 ms.
Unloading 1228 Unused Serialized files (Serialized files now loaded: 0)
System memory in use before: 287.0 MB.
System memory in use after: 286.6 MB.

Unloading 6 unused Assets to reduce memory usage. Loaded Objects now: 1746.
Total: 1.671171 ms (FindLiveObjects: 0.117519 ms CreateObjectMapping: 0.037130 ms MarkObjects: 1.273131 ms  DeleteObjects: 0.242574 ms)

========================================================================
Received Prepare
Registering precompiled user dll's ...
Registered in 0.000415 seconds.
Begin MonoManager ReloadAssembly
Native extension for WindowsStandalone target not found
Native extension for OSXStandalone target not found
Native extension for WebGL target not found
Refreshing native plugins compatible for Editor in 0.27 ms, found 1 plugins.
Preloading 0 native plugins for Editor in 0.00 ms.
Mono: successfully reloaded assembly
- Completed reload, in  0.928 seconds
Platform modules already initialized, skipping
Refreshing native plugins compatible for Editor in 0.27 ms, found 1 plugins.
Preloading 0 native plugins for Editor in 0.00 ms.
Unloading 1228 Unused Serialized files (Serialized files now loaded: 0)
System memory in use before: 287.3 MB.
System memory in use after: 287.0 MB.

Unloading 6 unused Assets to reduce memory usage. Loaded Objects now: 1748.
Total: 1.780461 ms (FindLiveObjects: 0.172987 ms CreateObjectMapping: 0.044031 ms MarkObjects: 1.316950 ms  DeleteObjects: 0.245729 ms)

========================================================================
Received Prepare
Registering precompiled user dll's ...
Registered in 0.000623 seconds.
Begin MonoManager ReloadAssembly
Native extension for WindowsStandalone target not found
Native extension for OSXStandalone target not found
Native extension for WebGL target not found
Refreshing native plugins compatible for Editor in 0.32 ms, found 1 plugins.
Preloading 0 native plugins for Editor in 0.00 ms.
Mono: successfully reloaded assembly
- Completed reload, in  1.172 seconds
Platform modules already initialized, skipping
Refreshing native plugins compatible for Editor in 0.26 ms, found 1 plugins.
Preloading 0 native plugins for Editor in 0.00 ms.
Unloading 1228 Unused Serialized files (Serialized files now loaded: 0)
System memory in use before: 287.3 MB.
System memory in use after: 287.0 MB.

Unloading 6 unused Assets to reduce memory usage. Loaded Objects now: 1750.
Total: 1.929576 ms (FindLiveObjects: 0.116767 ms CreateObjectMapping: 0.034071 ms MarkObjects: 1.515921 ms  DeleteObjects: 0.262027 ms)

========================================================================
Received Prepare
Registering precompiled user dll's ...
Registered in 0.000550 seconds.
Begin MonoManager ReloadAssembly
Native extension for WindowsStandalone target not found
Native extension for OSXStandalone target not found
Native extension for WebGL target not found
Refreshing native plugins compatible for Editor in 0.32 ms, found 1 plugins.
Preloading 0 native plugins for Editor in 0.00 ms.
Mono: successfully reloaded assembly
- Completed reload, in  1.095 seconds
Platform modules already initialized, skipping
Refreshing native plugins compatible for Editor in 0.28 ms, found 1 plugins.
Preloading 0 native plugins for Editor in 0.00 ms.
Unloading 1228 Unused Serialized files (Serialized files now loaded: 0)
System memory in use before: 287.6 MB.
System memory in use after: 287.3 MB.

Unloading 6 unused Assets to reduce memory usage. Loaded Objects now: 1752.
Total: 2.059453 ms (FindLiveObjects: 0.136679 ms CreateObjectMapping: 0.045372 ms MarkObjects: 1.584487 ms  DeleteObjects: 0.291786 ms)

========================================================================
Received Prepare
Registering precompiled user dll's ...
Registered in 0.000875 seconds.
Begin MonoManager ReloadAssembly
Native extension for WindowsStandalone target not found
Native extension for OSXStandalone target not found
Native extension for WebGL target not found
Refreshing native plugins compatible for Editor in 0.39 ms, found 1 plugins.
Preloading 0 native plugins for Editor in 0.00 ms.
Mono: successfully reloaded assembly
- Completed reload, in  1.124 seconds
Platform modules already initialized, skipping
Refreshing native plugins compatible for Editor in 0.32 ms, found 1 plugins.
Preloading 0 native plugins for Editor in 0.00 ms.
Unloading 1228 Unused Serialized files (Serialized files now loaded: 0)
System memory in use before: 287.9 MB.
System memory in use after: 287.6 MB.

Unloading 6 unused Assets to reduce memory usage. Loaded Objects now: 1754.
Total: 2.310671 ms (FindLiveObjects: 0.174522 ms CreateObjectMapping: 0.040687 ms MarkObjects: 1.740315 ms  DeleteObjects: 0.354104 ms)

========================================================================
Received Prepare
Refreshing native plugins compatible for Editor in 0.55 ms, found 1 plugins.
Preloading 0 native plugins for Editor in 0.00 ms.
Unloading 4 Unused Serialized files (Serialized files now loaded: 0)
System memory in use before: 263.8 MB.
System memory in use after: 263.5 MB.

Unloading 4 unused Assets to reduce memory usage. Loaded Objects now: 1754.
Total: 2.146718 ms (FindLiveObjects: 0.180748 ms CreateObjectMapping: 0.058801 ms MarkObjects: 1.578680 ms  DeleteObjects: 0.327029 ms)

========================================================================
Received Prepare
Refreshing native plugins compatible for Editor in 1.38 ms, found 1 plugins.
Preloading 0 native plugins for Editor in 0.00 ms.
Unloading 4 Unused Serialized files (Serialized files now loaded: 0)
System memory in use before: 263.9 MB.
System memory in use after: 263.6 MB.

Unloading 4 unused Assets to reduce memory usage. Loaded Objects now: 1754.
Total: 3.986223 ms (FindLiveObjects: 0.241511 ms CreateObjectMapping: 0.109911 ms MarkObjects: 3.097512 ms  DeleteObjects: 0.534253 ms)

